<?xml version="1.0" encoding="UTF-8"?>
<testsuite xmlns:xsi="http://www.w3.org/2001/XMLSchema-instance" xsi:noNamespaceSchemaLocation="https://maven.apache.org/surefire/maven-surefire-plugin/xsd/surefire-test-report.xsd" name="com.javasampleapproach.formsubmission.SpringMvcFormSubmissionApplicationTests" time="6.56" tests="1" errors="1" skipped="0" failures="0">
  <properties>
[...]
</properties>
  <testcase name="initializationError" classname="com.javasampleapproach.formsubmission.SpringMvcFormSubmissionApplicationTests" time="0.004">
    <error message="Unable to find a @SpringBootConfiguration, you need to use @ContextConfiguration or @SpringBootTest(classes=...) with your test" type="java.lang.IllegalStateException">java.lang.IllegalStateException: Unable to find a @SpringBootConfiguration, you need to use @ContextConfiguration or @SpringBootTest(classes=...) with your test
</error>
    <system-out><![CDATA[[2019-11-07 21:58:42.180] [main] [INFO ] [SpringBootTestContextBootstrapper] - Neither @ContextConfiguration nor @ContextHierarchy found for test class [com.javasampleapproach.formsubmission.SpringMvcFormSubmissionApplicationTests], using SpringBootContextLoader
[2019-11-07 21:58:42.245] [main] [INFO ] [AbstractContextLoader] - Could not detect default resource locations for test class [com.javasampleapproach.formsubmission.SpringMvcFormSubmissionApplicationTests]: no resource found for suffixes {-context.xml, Context.groovy}.
[2019-11-07 21:58:42.246] [main] [INFO ] [AnnotationConfigContextLoaderUtils] - Could not detect default configuration classes for test class [com.javasampleapproach.formsubmission.SpringMvcFormSubmissionApplicationTests]: SpringMvcFormSubmissionApplicationTests does not declare any static, non-private, non-final, nested classes annotated with @Configuration.
]]></system-out>
  </testcase>
</testsuite>